<?xml version="1.0" encoding="UTF-8"?>
<!-- Generated by org.testng.reporters.JUnitReportReporter -->
<testsuite skipped="0" hostname="MY-PC" name="GoogleTest1.GoogleTest1" tests="1" failures="0" timestamp="17 Jun 2017 05:09:05 GMT" time="22.018" errors="0">
  <testcase name="logintest" time="22.018" classname="GoogleTest1.GoogleTest1"/>
</testsuite> <!-- GoogleTest1.GoogleTest1 -->
