<?xml version="1.0" encoding="UTF-8"?>
<!-- Generated by org.testng.reporters.JUnitReportReporter -->
<testsuite name="GoogleTest1.GoogleTest1" tests="1" time="11.979" ignored="0" failures="0" timestamp="17 Jun 2017 05:10:08 GMT" skipped="0" hostname="MY-PC" errors="0">
  <testcase name="logintest" time="11.979" classname="GoogleTest1.GoogleTest1"/>
</testsuite> <!-- GoogleTest1.GoogleTest1 -->
